<?xml version="1.0" encoding="UTF-8"?>
<testng-results skipped="0" failed="0" ignored="0" total="1" passed="1">
  <reporter-output>
  </reporter-output>
  <suite name="Suite" duration-ms="27295" started-at="2022-01-07T09:26:59 EST" finished-at="2022-01-07T09:27:26 EST">
    <groups>
      <group name="cucumber">
        <method signature="AbstractTestNGCucumberTests.runScenario(io.cucumber.testng.PickleWrapper,io.cucumber.testng.FeatureWrapper)[pri:0, instance:runners.PositiveTest@78ac1102]" name="runScenario" class="io.cucumber.testng.AbstractTestNGCucumberTests"/>
      </group> <!-- cucumber -->
    </groups>
    <test name="Test" duration-ms="27295" started-at="2022-01-07T09:26:59 EST" finished-at="2022-01-07T09:27:26 EST">
      <class name="runners.PositiveTest">
        <test-method status="PASS" signature="setUpClass()[pri:0, instance:runners.PositiveTest@78ac1102]" name="setUpClass" is-config="true" duration-ms="771" started-at="2022-01-07T09:26:59 EST" finished-at="2022-01-07T09:27:00 EST">
          <reporter-output>
          </reporter-output>
        </test-method> <!-- setUpClass -->
        <test-method status="PASS" signature="runScenario(io.cucumber.testng.PickleWrapper,io.cucumber.testng.FeatureWrapper)[pri:0, instance:runners.PositiveTest@78ac1102]" name="runScenario" duration-ms="26017" started-at="2022-01-07T09:27:00 EST" description="Runs Cucumber Scenarios" data-provider="scenarios" finished-at="2022-01-07T09:27:26 EST">
          <params>
            <param index="0">
              <value>
                <![CDATA["Navigate to amazon basics Page & search for a product"]]>
              </value>
            </param>
            <param index="1">
              <value>
                <![CDATA["Optional[Acceptance testing to validate navigating and searching products]"]]>
              </value>
            </param>
          </params>
          <reporter-output>
          </reporter-output>
        </test-method> <!-- runScenario -->
        <test-method status="PASS" signature="tearDownClass()[pri:0, instance:runners.PositiveTest@78ac1102]" name="tearDownClass" is-config="true" duration-ms="447" started-at="2022-01-07T09:27:26 EST" finished-at="2022-01-07T09:27:26 EST">
          <reporter-output>
          </reporter-output>
        </test-method> <!-- tearDownClass -->
      </class> <!-- runners.PositiveTest -->
    </test> <!-- Test -->
  </suite> <!-- Suite -->
</testng-results>
